{"C:\\Proyecto_Final\\DialfreashApp\\expo-env.d.ts": {"path":"C:\\Proyecto_Final\\DialfreashApp\\expo-env.d.ts","statementMap":{},"fnMap":{},"branchMap":{},"s":{},"f":{},"b":{}}
,"C:\\Proyecto_Final\\DialfreashApp\\.expo\\types\\router.d.ts": {"path":"C:\\Proyecto_Final\\DialfreashApp\\.expo\\types\\router.d.ts","statementMap":{},"fnMap":{},"branchMap":{},"s":{},"f":{},"b":{}}
,"C:\\Proyecto_Final\\DialfreashApp\\app\\+html.tsx": {"path":"C:\\Proyecto_Final\\DialfreashApp\\app\\+html.tsx","statementMap":{"0":{"start":{"line":8,"column":2},"end":{"line":27,"column":4}},"1":{"start":{"line":30,"column":29},"end":{"line":38,"column":2}}},"fnMap":{"0":{"name":"Root","decl":{"start":{"line":7,"column":24},"end":{"line":7,"column":28}},"loc":{"start":{"line":7,"column":74},"end":{"line":28,"column":1}},"line":7}},"branchMap":{},"s":{"0":0,"1":0},"f":{"0":0},"b":{}}
,"C:\\Proyecto_Final\\DialfreashApp\\app\\+not-found.tsx": {"path":"C:\\Proyecto_Final\\DialfreashApp\\app\\+not-found.tsx","statementMap":{"0":{"start":{"line":7,"column":2},"end":{"line":18,"column":4}},"1":{"start":{"line":21,"column":15},"end":{"line":40,"column":2}}},"fnMap":{"0":{"name":"NotFoundScreen","decl":{"start":{"line":6,"column":24},"end":{"line":6,"column":38}},"loc":{"start":{"line":6,"column":41},"end":{"line":19,"column":1}},"line":6}},"branchMap":{},"s":{"0":0,"1":0},"f":{"0":0},"b":{}}
,"C:\\Proyecto_Final\\DialfreashApp\\app\\_layout.tsx": {"path":"C:\\Proyecto_Final\\DialfreashApp\\app\\_layout.tsx","statementMap":{"0":{"start":{"line":16,"column":33},"end":{"line":19,"column":1}},"1":{"start":{"line":22,"column":0},"end":{"line":22,"column":36}},"2":{"start":{"line":25,"column":26},"end":{"line":28,"column":4}},"3":{"start":{"line":31,"column":2},"end":{"line":33,"column":14}},"4":{"start":{"line":32,"column":4},"end":{"line":32,"column":27}},"5":{"start":{"line":32,"column":15},"end":{"line":32,"column":27}},"6":{"start":{"line":35,"column":2},"end":{"line":39,"column":15}},"7":{"start":{"line":36,"column":4},"end":{"line":38,"column":5}},"8":{"start":{"line":37,"column":6},"end":{"line":37,"column":31}},"9":{"start":{"line":41,"column":2},"end":{"line":43,"column":3}},"10":{"start":{"line":42,"column":4},"end":{"line":42,"column":16}},"11":{"start":{"line":45,"column":2},"end":{"line":45,"column":27}},"12":{"start":{"line":49,"column":22},"end":{"line":49,"column":38}},"13":{"start":{"line":51,"column":2},"end":{"line":58,"column":4}}},"fnMap":{"0":{"name":"RootLayout","decl":{"start":{"line":24,"column":24},"end":{"line":24,"column":34}},"loc":{"start":{"line":24,"column":37},"end":{"line":46,"column":1}},"line":24},"1":{"name":"(anonymous_1)","decl":{"start":{"line":31,"column":12},"end":{"line":31,"column":13}},"loc":{"start":{"line":31,"column":18},"end":{"line":33,"column":3}},"line":31},"2":{"name":"(anonymous_2)","decl":{"start":{"line":35,"column":12},"end":{"line":35,"column":13}},"loc":{"start":{"line":35,"column":18},"end":{"line":39,"column":3}},"line":35},"3":{"name":"RootLayoutNav","decl":{"start":{"line":48,"column":9},"end":{"line":48,"column":22}},"loc":{"start":{"line":48,"column":25},"end":{"line":59,"column":1}},"line":48}},"branchMap":{"0":{"loc":{"start":{"line":32,"column":4},"end":{"line":32,"column":27}},"type":"if","locations":[{"start":{"line":32,"column":4},"end":{"line":32,"column":27}},{"start":{},"end":{}}],"line":32},"1":{"loc":{"start":{"line":36,"column":4},"end":{"line":38,"column":5}},"type":"if","locations":[{"start":{"line":36,"column":4},"end":{"line":38,"column":5}},{"start":{},"end":{}}],"line":36},"2":{"loc":{"start":{"line":41,"column":2},"end":{"line":43,"column":3}},"type":"if","locations":[{"start":{"line":41,"column":2},"end":{"line":43,"column":3}},{"start":{},"end":{}}],"line":41},"3":{"loc":{"start":{"line":52,"column":26},"end":{"line":52,"column":75}},"type":"cond-expr","locations":[{"start":{"line":52,"column":51},"end":{"line":52,"column":60}},{"start":{"line":52,"column":63},"end":{"line":52,"column":75}}],"line":52}},"s":{"0":0,"1":0,"2":0,"3":0,"4":0,"5":0,"6":0,"7":0,"8":0,"9":0,"10":0,"11":0,"12":0,"13":0},"f":{"0":0,"1":0,"2":0,"3":0},"b":{"0":[0,0],"1":[0,0],"2":[0,0],"3":[0,0]}}
,"C:\\Proyecto_Final\\DialfreashApp\\app\\modal.tsx": {"path":"C:\\Proyecto_Final\\DialfreashApp\\app\\modal.tsx","statementMap":{"0":{"start":{"line":8,"column":2},"end":{"line":17,"column":4}},"1":{"start":{"line":20,"column":15},"end":{"line":35,"column":2}}},"fnMap":{"0":{"name":"ModalScreen","decl":{"start":{"line":7,"column":24},"end":{"line":7,"column":35}},"loc":{"start":{"line":7,"column":38},"end":{"line":18,"column":1}},"line":7}},"branchMap":{"0":{"loc":{"start":{"line":15,"column":24},"end":{"line":15,"column":64}},"type":"cond-expr","locations":[{"start":{"line":15,"column":48},"end":{"line":15,"column":55}},{"start":{"line":15,"column":58},"end":{"line":15,"column":64}}],"line":15}},"s":{"0":0,"1":0},"f":{"0":0},"b":{"0":[0,0]}}
,"C:\\Proyecto_Final\\DialfreashApp\\app\\(tabs)\\_layout.tsx": {"path":"C:\\Proyecto_Final\\DialfreashApp\\app\\(tabs)\\_layout.tsx","statementMap":{"0":{"start":{"line":15,"column":2},"end":{"line":15,"column":75}},"1":{"start":{"line":19,"column":22},"end":{"line":19,"column":38}},"2":{"start":{"line":21,"column":2},"end":{"line":58,"column":4}},"3":{"start":{"line":33,"column":37},"end":{"line":33,"column":77}},"4":{"start":{"line":35,"column":12},"end":{"line":46,"column":19}},"5":{"start":{"line":38,"column":18},"end":{"line":43,"column":20}},"6":{"start":{"line":54,"column":37},"end":{"line":54,"column":77}}},"fnMap":{"0":{"name":"TabBarIcon","decl":{"start":{"line":11,"column":9},"end":{"line":11,"column":19}},"loc":{"start":{"line":14,"column":3},"end":{"line":16,"column":1}},"line":14},"1":{"name":"TabLayout","decl":{"start":{"line":18,"column":24},"end":{"line":18,"column":33}},"loc":{"start":{"line":18,"column":36},"end":{"line":59,"column":1}},"line":18},"2":{"name":"(anonymous_2)","decl":{"start":{"line":33,"column":22},"end":{"line":33,"column":23}},"loc":{"start":{"line":33,"column":37},"end":{"line":33,"column":77}},"line":33},"3":{"name":"(anonymous_3)","decl":{"start":{"line":34,"column":23},"end":{"line":34,"column":24}},"loc":{"start":{"line":35,"column":12},"end":{"line":46,"column":19}},"line":35},"4":{"name":"(anonymous_4)","decl":{"start":{"line":37,"column":17},"end":{"line":37,"column":18}},"loc":{"start":{"line":38,"column":18},"end":{"line":43,"column":20}},"line":38},"5":{"name":"(anonymous_5)","decl":{"start":{"line":54,"column":22},"end":{"line":54,"column":23}},"loc":{"start":{"line":54,"column":37},"end":{"line":54,"column":77}},"line":54}},"branchMap":{"0":{"loc":{"start":{"line":24,"column":38},"end":{"line":24,"column":60}},"type":"binary-expr","locations":[{"start":{"line":24,"column":38},"end":{"line":24,"column":49}},{"start":{"line":24,"column":53},"end":{"line":24,"column":60}}],"line":24},"1":{"loc":{"start":{"line":41,"column":34},"end":{"line":41,"column":56}},"type":"binary-expr","locations":[{"start":{"line":41,"column":34},"end":{"line":41,"column":45}},{"start":{"line":41,"column":49},"end":{"line":41,"column":56}}],"line":41},"2":{"loc":{"start":{"line":42,"column":55},"end":{"line":42,"column":72}},"type":"cond-expr","locations":[{"start":{"line":42,"column":65},"end":{"line":42,"column":68}},{"start":{"line":42,"column":71},"end":{"line":42,"column":72}}],"line":42}},"s":{"0":0,"1":0,"2":0,"3":0,"4":0,"5":0,"6":0},"f":{"0":0,"1":0,"2":0,"3":0,"4":0,"5":0},"b":{"0":[0,0],"1":[0,0],"2":[0,0]}}
,"C:\\Proyecto_Final\\DialfreashApp\\app\\(tabs)\\index.tsx": {"path":"C:\\Proyecto_Final\\DialfreashApp\\app\\(tabs)\\index.tsx","statementMap":{"0":{"start":{"line":15,"column":32},"end":{"line":15,"column":45}},"1":{"start":{"line":17,"column":2},"end":{"line":24,"column":3}},"2":{"start":{"line":18,"column":4},"end":{"line":23,"column":6}},"3":{"start":{"line":26,"column":2},"end":{"line":45,"column":4}},"4":{"start":{"line":31,"column":32},"end":{"line":31,"column":50}},"5":{"start":{"line":33,"column":10},"end":{"line":38,"column":17}},"6":{"start":{"line":48,"column":15},"end":{"line":76,"column":2}}},"fnMap":{"0":{"name":"TabOneScreen","decl":{"start":{"line":13,"column":24},"end":{"line":13,"column":36}},"loc":{"start":{"line":13,"column":39},"end":{"line":46,"column":1}},"line":13},"1":{"name":"(anonymous_1)","decl":{"start":{"line":31,"column":22},"end":{"line":31,"column":23}},"loc":{"start":{"line":31,"column":32},"end":{"line":31,"column":50}},"line":31},"2":{"name":"(anonymous_2)","decl":{"start":{"line":32,"column":20},"end":{"line":32,"column":21}},"loc":{"start":{"line":33,"column":10},"end":{"line":38,"column":17}},"line":33}},"branchMap":{"0":{"loc":{"start":{"line":17,"column":2},"end":{"line":24,"column":3}},"type":"if","locations":[{"start":{"line":17,"column":2},"end":{"line":24,"column":3}},{"start":{},"end":{}}],"line":17}},"s":{"0":0,"1":0,"2":0,"3":0,"4":0,"5":0,"6":0},"f":{"0":0,"1":0,"2":0},"b":{"0":[0,0]}}
,"C:\\Proyecto_Final\\DialfreashApp\\app\\(tabs)\\two.tsx": {"path":"C:\\Proyecto_Final\\DialfreashApp\\app\\(tabs)\\two.tsx","statementMap":{"0":{"start":{"line":10,"column":24},"end":{"line":14,"column":1}},"1":{"start":{"line":11,"column":2},"end":{"line":13,"column":21}},"2":{"start":{"line":23,"column":23},"end":{"line":32,"column":1}},"3":{"start":{"line":24,"column":2},"end":{"line":31,"column":4}},"4":{"start":{"line":34,"column":15},"end":{"line":38,"column":2}}},"fnMap":{"0":{"name":"(anonymous_0)","decl":{"start":{"line":10,"column":24},"end":{"line":10,"column":25}},"loc":{"start":{"line":11,"column":2},"end":{"line":13,"column":21}},"line":11},"1":{"name":"(anonymous_1)","decl":{"start":{"line":23,"column":23},"end":{"line":23,"column":24}},"loc":{"start":{"line":24,"column":2},"end":{"line":31,"column":4}},"line":24}},"branchMap":{"0":{"loc":{"start":{"line":10,"column":43},"end":{"line":10,"column":60}},"type":"default-arg","locations":[{"start":{"line":10,"column":51},"end":{"line":10,"column":60}}],"line":10},"1":{"loc":{"start":{"line":23,"column":60},"end":{"line":23,"column":84}},"type":"default-arg","locations":[{"start":{"line":23,"column":75},"end":{"line":23,"column":84}}],"line":23}},"s":{"0":0,"1":0,"2":0,"3":0,"4":0},"f":{"0":0,"1":0},"b":{"0":[0],"1":[0]}}
,"C:\\Proyecto_Final\\DialfreashApp\\src\\assets\\index.ts": {"path":"C:\\Proyecto_Final\\DialfreashApp\\src\\assets\\index.ts","statementMap":{"0":{"start":{"line":1,"column":22},"end":{"line":4,"column":1}}},"fnMap":{},"branchMap":{},"s":{"0":0},"f":{},"b":{}}
,"C:\\Proyecto_Final\\DialfreashApp\\src\\context\\AuthContext.tsx": {"path":"C:\\Proyecto_Final\\DialfreashApp\\src\\context\\AuthContext.tsx","statementMap":{"0":{"start":{"line":3,"column":27},"end":{"line":3,"column":44}},"1":{"start":{"line":5,"column":28},"end":{"line":17,"column":1}},"2":{"start":{"line":6,"column":26},"end":{"line":6,"column":40}},"3":{"start":{"line":8,"column":16},"end":{"line":10,"column":3}},"4":{"start":{"line":9,"column":4},"end":{"line":9,"column":22}},"5":{"start":{"line":12,"column":2},"end":{"line":16,"column":4}}},"fnMap":{"0":{"name":"(anonymous_0)","decl":{"start":{"line":5,"column":28},"end":{"line":5,"column":29}},"loc":{"start":{"line":5,"column":51},"end":{"line":17,"column":1}},"line":5},"1":{"name":"(anonymous_1)","decl":{"start":{"line":8,"column":16},"end":{"line":8,"column":17}},"loc":{"start":{"line":8,"column":35},"end":{"line":10,"column":3}},"line":8}},"branchMap":{},"s":{"0":0,"1":0,"2":0,"3":0,"4":0,"5":0},"f":{"0":0,"1":0},"b":{}}
,"C:\\Proyecto_Final\\DialfreashApp\\src\\context\\ProductContext.tsx": {"path":"C:\\Proyecto_Final\\DialfreashApp\\src\\context\\ProductContext.tsx","statementMap":{"0":{"start":{"line":11,"column":23},"end":{"line":11,"column":79}},"1":{"start":{"line":13,"column":31},"end":{"line":35,"column":1}},"2":{"start":{"line":14,"column":36},"end":{"line":14,"column":60}},"3":{"start":{"line":15,"column":32},"end":{"line":15,"column":46}},"4":{"start":{"line":17,"column":26},"end":{"line":26,"column":3}},"5":{"start":{"line":18,"column":4},"end":{"line":25,"column":5}},"6":{"start":{"line":19,"column":19},"end":{"line":19,"column":48}},"7":{"start":{"line":20,"column":6},"end":{"line":20,"column":25}},"8":{"start":{"line":22,"column":6},"end":{"line":22,"column":66}},"9":{"start":{"line":24,"column":6},"end":{"line":24,"column":24}},"10":{"start":{"line":28,"column":2},"end":{"line":28,"column":46}},"11":{"start":{"line":28,"column":20},"end":{"line":28,"column":38}},"12":{"start":{"line":30,"column":2},"end":{"line":34,"column":4}},"13":{"start":{"line":37,"column":27},"end":{"line":37,"column":59}},"14":{"start":{"line":37,"column":33},"end":{"line":37,"column":59}}},"fnMap":{"0":{"name":"(anonymous_0)","decl":{"start":{"line":13,"column":31},"end":{"line":13,"column":32}},"loc":{"start":{"line":13,"column":54},"end":{"line":35,"column":1}},"line":13},"1":{"name":"(anonymous_1)","decl":{"start":{"line":17,"column":26},"end":{"line":17,"column":27}},"loc":{"start":{"line":17,"column":38},"end":{"line":26,"column":3}},"line":17},"2":{"name":"(anonymous_2)","decl":{"start":{"line":28,"column":12},"end":{"line":28,"column":13}},"loc":{"start":{"line":28,"column":18},"end":{"line":28,"column":40}},"line":28},"3":{"name":"(anonymous_3)","decl":{"start":{"line":37,"column":27},"end":{"line":37,"column":28}},"loc":{"start":{"line":37,"column":33},"end":{"line":37,"column":59}},"line":37}},"branchMap":{},"s":{"0":0,"1":0,"2":0,"3":0,"4":0,"5":0,"6":0,"7":0,"8":0,"9":0,"10":0,"11":0,"12":0,"13":0,"14":0},"f":{"0":0,"1":0,"2":0,"3":0},"b":{}}
,"C:\\Proyecto_Final\\DialfreashApp\\src\\hooks\\useProducts.ts": {"path":"C:\\Proyecto_Final\\DialfreashApp\\src\\hooks\\useProducts.ts","statementMap":{"0":{"start":{"line":11,"column":27},"end":{"line":35,"column":1}},"1":{"start":{"line":13,"column":34},"end":{"line":13,"column":57}},"2":{"start":{"line":14,"column":32},"end":{"line":14,"column":55}},"3":{"start":{"line":16,"column":19},"end":{"line":28,"column":3}},"4":{"start":{"line":17,"column":4},"end":{"line":27,"column":5}},"5":{"start":{"line":18,"column":6},"end":{"line":18,"column":23}},"6":{"start":{"line":19,"column":19},"end":{"line":19,"column":38}},"7":{"start":{"line":21,"column":6},"end":{"line":21,"column":51}},"8":{"start":{"line":23,"column":6},"end":{"line":23,"column":67}},"9":{"start":{"line":24,"column":6},"end":{"line":24,"column":22}},"10":{"start":{"line":26,"column":6},"end":{"line":26,"column":24}},"11":{"start":{"line":30,"column":2},"end":{"line":32,"column":9}},"12":{"start":{"line":31,"column":4},"end":{"line":31,"column":15}},"13":{"start":{"line":34,"column":2},"end":{"line":34,"column":50}}},"fnMap":{"0":{"name":"(anonymous_0)","decl":{"start":{"line":11,"column":27},"end":{"line":11,"column":28}},"loc":{"start":{"line":11,"column":33},"end":{"line":35,"column":1}},"line":11},"1":{"name":"(anonymous_1)","decl":{"start":{"line":16,"column":19},"end":{"line":16,"column":20}},"loc":{"start":{"line":16,"column":31},"end":{"line":28,"column":3}},"line":16},"2":{"name":"(anonymous_2)","decl":{"start":{"line":30,"column":12},"end":{"line":30,"column":13}},"loc":{"start":{"line":30,"column":18},"end":{"line":32,"column":3}},"line":30}},"branchMap":{"0":{"loc":{"start":{"line":21,"column":18},"end":{"line":21,"column":49}},"type":"cond-expr","locations":[{"start":{"line":21,"column":40},"end":{"line":21,"column":44}},{"start":{"line":21,"column":47},"end":{"line":21,"column":49}}],"line":21}},"s":{"0":0,"1":0,"2":0,"3":0,"4":0,"5":0,"6":0,"7":0,"8":0,"9":0,"10":0,"11":0,"12":0,"13":0},"f":{"0":0,"1":0,"2":0},"b":{"0":[0,0]}}
,"C:\\Proyecto_Final\\DialfreashApp\\src\\navigation\\AppNavigator.tsx": {"path":"C:\\Proyecto_Final\\DialfreashApp\\src\\navigation\\AppNavigator.tsx","statementMap":{"0":{"start":{"line":4,"column":14},"end":{"line":4,"column":36}},"1":{"start":{"line":6,"column":28},"end":{"line":10,"column":1}},"2":{"start":{"line":7,"column":2},"end":{"line":9,"column":20}}},"fnMap":{"0":{"name":"(anonymous_0)","decl":{"start":{"line":6,"column":28},"end":{"line":6,"column":29}},"loc":{"start":{"line":7,"column":2},"end":{"line":9,"column":20}},"line":7}},"branchMap":{},"s":{"0":0,"1":0,"2":0},"f":{"0":0},"b":{}}
,"C:\\Proyecto_Final\\DialfreashApp\\src\\screens\\CameraScreen.tsx": {"path":"C:\\Proyecto_Final\\DialfreashApp\\src\\screens\\CameraScreen.tsx","statementMap":{"0":{"start":{"line":5,"column":21},"end":{"line":13,"column":1}},"1":{"start":{"line":6,"column":32},"end":{"line":6,"column":76}},"2":{"start":{"line":7,"column":32},"end":{"line":7,"column":82}},"3":{"start":{"line":9,"column":2},"end":{"line":12,"column":3}},"4":{"start":{"line":10,"column":21},"end":{"line":10,"column":63}},"5":{"start":{"line":11,"column":4},"end":{"line":11,"column":62}}},"fnMap":{"0":{"name":"(anonymous_0)","decl":{"start":{"line":5,"column":21},"end":{"line":5,"column":22}},"loc":{"start":{"line":5,"column":33},"end":{"line":13,"column":1}},"line":5}},"branchMap":{"0":{"loc":{"start":{"line":9,"column":2},"end":{"line":12,"column":3}},"type":"if","locations":[{"start":{"line":9,"column":2},"end":{"line":12,"column":3}},{"start":{},"end":{}}],"line":9},"1":{"loc":{"start":{"line":9,"column":6},"end":{"line":9,"column":56}},"type":"binary-expr","locations":[{"start":{"line":9,"column":6},"end":{"line":9,"column":29}},{"start":{"line":9,"column":33},"end":{"line":9,"column":56}}],"line":9}},"s":{"0":0,"1":0,"2":0,"3":0,"4":0,"5":0},"f":{"0":0},"b":{"0":[0,0],"1":[0,0]}}
,"C:\\Proyecto_Final\\DialfreashApp\\src\\screens\\HomeScreen.tsx": {"path":"C:\\Proyecto_Final\\DialfreashApp\\src\\screens\\HomeScreen.tsx","statementMap":{"0":{"start":{"line":4,"column":26},"end":{"line":11,"column":1}},"1":{"start":{"line":5,"column":2},"end":{"line":10,"column":4}},"2":{"start":{"line":8,"column":60},"end":{"line":8,"column":82}},"3":{"start":{"line":13,"column":15},"end":{"line":16,"column":2}}},"fnMap":{"0":{"name":"(anonymous_0)","decl":{"start":{"line":4,"column":26},"end":{"line":4,"column":27}},"loc":{"start":{"line":4,"column":32},"end":{"line":11,"column":1}},"line":4},"1":{"name":"(anonymous_1)","decl":{"start":{"line":8,"column":54},"end":{"line":8,"column":55}},"loc":{"start":{"line":8,"column":60},"end":{"line":8,"column":82}},"line":8}},"branchMap":{},"s":{"0":0,"1":0,"2":0,"3":0},"f":{"0":0,"1":0},"b":{}}
,"C:\\Proyecto_Final\\DialfreashApp\\src\\screens\\InventoryScreen.tsx": {"path":"C:\\Proyecto_Final\\DialfreashApp\\src\\screens\\InventoryScreen.tsx","statementMap":{"0":{"start":{"line":6,"column":31},"end":{"line":31,"column":1}},"1":{"start":{"line":7,"column":34},"end":{"line":7,"column":53}},"2":{"start":{"line":9,"column":24},"end":{"line":17,"column":3}},"3":{"start":{"line":11,"column":21},"end":{"line":11,"column":71}},"4":{"start":{"line":12,"column":4},"end":{"line":16,"column":5}},"5":{"start":{"line":13,"column":16},"end":{"line":13,"column":58}},"6":{"start":{"line":14,"column":6},"end":{"line":14,"column":23}},"7":{"start":{"line":15,"column":6},"end":{"line":15,"column":89}},"8":{"start":{"line":19,"column":2},"end":{"line":30,"column":4}}},"fnMap":{"0":{"name":"(anonymous_0)","decl":{"start":{"line":6,"column":31},"end":{"line":6,"column":32}},"loc":{"start":{"line":6,"column":37},"end":{"line":31,"column":1}},"line":6},"1":{"name":"(anonymous_1)","decl":{"start":{"line":9,"column":24},"end":{"line":9,"column":25}},"loc":{"start":{"line":9,"column":36},"end":{"line":17,"column":3}},"line":9}},"branchMap":{"0":{"loc":{"start":{"line":12,"column":4},"end":{"line":16,"column":5}},"type":"if","locations":[{"start":{"line":12,"column":4},"end":{"line":16,"column":5}},{"start":{},"end":{}}],"line":12},"1":{"loc":{"start":{"line":28,"column":7},"end":{"line":28,"column":63}},"type":"binary-expr","locations":[{"start":{"line":28,"column":7},"end":{"line":28,"column":15}},{"start":{"line":28,"column":19},"end":{"line":28,"column":63}}],"line":28}},"s":{"0":0,"1":0,"2":0,"3":0,"4":0,"5":0,"6":0,"7":0,"8":0},"f":{"0":0,"1":0},"b":{"0":[0,0],"1":[0,0]}}
,"C:\\Proyecto_Final\\DialfreashApp\\src\\services\\AuthService.ts": {"path":"C:\\Proyecto_Final\\DialfreashApp\\src\\services\\AuthService.ts","statementMap":{"0":{"start":{"line":4,"column":27},"end":{"line":15,"column":1}},"1":{"start":{"line":6,"column":21},"end":{"line":6,"column":94}},"2":{"start":{"line":7,"column":22},"end":{"line":7,"column":35}},"3":{"start":{"line":9,"column":4},"end":{"line":9,"column":51}},"4":{"start":{"line":10,"column":4},"end":{"line":10,"column":17}},"5":{"start":{"line":13,"column":4},"end":{"line":13,"column":51}}},"fnMap":{"0":{"name":"(anonymous_0)","decl":{"start":{"line":5,"column":9},"end":{"line":5,"column":10}},"loc":{"start":{"line":5,"column":37},"end":{"line":11,"column":3}},"line":5},"1":{"name":"(anonymous_1)","decl":{"start":{"line":12,"column":12},"end":{"line":12,"column":13}},"loc":{"start":{"line":12,"column":24},"end":{"line":14,"column":3}},"line":12}},"branchMap":{},"s":{"0":0,"1":0,"2":0,"3":0,"4":0,"5":0},"f":{"0":0,"1":0},"b":{}}
,"C:\\Proyecto_Final\\DialfreashApp\\src\\services\\FileService.ts": {"path":"C:\\Proyecto_Final\\DialfreashApp\\src\\services\\FileService.ts","statementMap":{"0":{"start":{"line":3,"column":27},"end":{"line":11,"column":1}},"1":{"start":{"line":5,"column":21},"end":{"line":5,"column":76}},"2":{"start":{"line":6,"column":4},"end":{"line":8,"column":7}},"3":{"start":{"line":9,"column":4},"end":{"line":9,"column":49}}},"fnMap":{"0":{"name":"(anonymous_0)","decl":{"start":{"line":4,"column":14},"end":{"line":4,"column":15}},"loc":{"start":{"line":4,"column":38},"end":{"line":10,"column":3}},"line":4}},"branchMap":{},"s":{"0":0,"1":0,"2":0,"3":0},"f":{"0":0},"b":{}}
,"C:\\Proyecto_Final\\DialfreashApp\\src\\services\\api.ts": {"path":"C:\\Proyecto_Final\\DialfreashApp\\src\\services\\api.ts","statementMap":{"0":{"start":{"line":4,"column":16},"end":{"line":4,"column":77}},"1":{"start":{"line":6,"column":12},"end":{"line":8,"column":2}},"2":{"start":{"line":10,"column":27},"end":{"line":18,"column":1}},"3":{"start":{"line":11,"column":2},"end":{"line":17,"column":3}},"4":{"start":{"line":12,"column":21},"end":{"line":12,"column":47}},"5":{"start":{"line":13,"column":4},"end":{"line":13,"column":25}},"6":{"start":{"line":15,"column":4},"end":{"line":15,"column":54}},"7":{"start":{"line":16,"column":4},"end":{"line":16,"column":14}}},"fnMap":{"0":{"name":"(anonymous_0)","decl":{"start":{"line":10,"column":27},"end":{"line":10,"column":28}},"loc":{"start":{"line":10,"column":39},"end":{"line":18,"column":1}},"line":10}},"branchMap":{"0":{"loc":{"start":{"line":4,"column":16},"end":{"line":4,"column":77}},"type":"binary-expr","locations":[{"start":{"line":4,"column":16},"end":{"line":4,"column":47}},{"start":{"line":4,"column":51},"end":{"line":4,"column":77}}],"line":4}},"s":{"0":0,"1":0,"2":0,"3":0,"4":0,"5":0,"6":0,"7":0},"f":{"0":0},"b":{"0":[0,0]}}
,"C:\\Proyecto_Final\\DialfreashApp\\src\\services\\productService.ts": {"path":"C:\\Proyecto_Final\\DialfreashApp\\src\\services\\productService.ts","statementMap":{"0":{"start":{"line":5,"column":16},"end":{"line":5,"column":58}},"1":{"start":{"line":7,"column":30},"end":{"line":24,"column":1}},"2":{"start":{"line":10,"column":21},"end":{"line":10,"column":45}},"3":{"start":{"line":11,"column":4},"end":{"line":11,"column":25}},"4":{"start":{"line":16,"column":21},"end":{"line":16,"column":56}},"5":{"start":{"line":17,"column":4},"end":{"line":17,"column":25}},"6":{"start":{"line":22,"column":4},"end":{"line":22,"column":47}}},"fnMap":{"0":{"name":"(anonymous_0)","decl":{"start":{"line":9,"column":10},"end":{"line":9,"column":11}},"loc":{"start":{"line":9,"column":43},"end":{"line":12,"column":3}},"line":9},"1":{"name":"(anonymous_1)","decl":{"start":{"line":15,"column":10},"end":{"line":15,"column":11}},"loc":{"start":{"line":15,"column":71},"end":{"line":18,"column":3}},"line":15},"2":{"name":"(anonymous_2)","decl":{"start":{"line":21,"column":10},"end":{"line":21,"column":11}},"loc":{"start":{"line":21,"column":73},"end":{"line":23,"column":3}},"line":21}},"branchMap":{},"s":{"0":0,"1":0,"2":0,"3":0,"4":0,"5":0,"6":0},"f":{"0":0,"1":0,"2":0},"b":{}}
,"C:\\Proyecto_Final\\DialfreashApp\\src\\types\\index.ts": {"path":"C:\\Proyecto_Final\\DialfreashApp\\src\\types\\index.ts","statementMap":{},"fnMap":{},"branchMap":{},"s":{},"f":{},"b":{}}
,"C:\\Proyecto_Final\\DialfreashApp\\src\\utils\\helpers.ts": {"path":"C:\\Proyecto_Final\\DialfreashApp\\src\\utils\\helpers.ts","statementMap":{"0":{"start":{"line":2,"column":27},"end":{"line":4,"column":1}},"1":{"start":{"line":3,"column":2},"end":{"line":3,"column":32}}},"fnMap":{"0":{"name":"(anonymous_0)","decl":{"start":{"line":2,"column":27},"end":{"line":2,"column":28}},"loc":{"start":{"line":2,"column":46},"end":{"line":4,"column":1}},"line":2}},"branchMap":{},"s":{"0":0,"1":0},"f":{"0":0},"b":{}}
,"C:\\Proyecto_Final\\DialfreashApp\\src\\utils\\validators.ts": {"path":"C:\\Proyecto_Final\\DialfreashApp\\src\\utils\\validators.ts","statementMap":{"0":{"start":{"line":1,"column":29},"end":{"line":4,"column":1}},"1":{"start":{"line":2,"column":13},"end":{"line":2,"column":27}},"2":{"start":{"line":3,"column":2},"end":{"line":3,"column":24}}},"fnMap":{"0":{"name":"(anonymous_0)","decl":{"start":{"line":1,"column":29},"end":{"line":1,"column":30}},"loc":{"start":{"line":1,"column":48},"end":{"line":4,"column":1}},"line":1}},"branchMap":{},"s":{"0":0,"1":0,"2":0},"f":{"0":0},"b":{}}
}
